Fitter report for tt
Wed May 01 19:14:26 2024
Quartus II Version 9.1 Build 304 01/25/2010 Service Pack 1 SJ Web Edition


---------------------
; Table of Contents ;
---------------------
  1. Legal Notice
  2. Fitter Summary
  3. Fitter Settings
  4. Parallel Compilation
  5. Pin-Out File
  6. Fitter Resource Usage Summary
  7. Input Pins
  8. Output Pins
  9. All Package Pins
 10. I/O Standard
 11. Dedicated Inputs I/O
 12. Output Pin Default Load For Reported TCO
 13. Fitter Resource Utilization by Entity
 14. Control Signals
 15. Global & Other Fast Signals
 16. Non-Global High Fan-Out Signals
 17. Interconnect Usage Summary
 18. LAB Macrocells
 19. Logic Cell Interconnection
 20. Fitter Device Options
 21. Fitter Messages



----------------
; Legal Notice ;
----------------
Copyright (C) 1991-2010 Altera Corporation
Your use of Altera Corporation's design tools, logic functions 
and other software and tools, and its AMPP partner logic 
functions, and any output files from any of the foregoing 
(including device programming or simulation files), and any 
associated documentation or information are expressly subject 
to the terms and conditions of the Altera Program License 
Subscription Agreement, Altera MegaCore Function License 
Agreement, or other applicable license agreement, including, 
without limitation, that your use is for the sole purpose of 
programming logic devices manufactured by Altera and sold by 
Altera or its authorized distributors.  Please refer to the 
applicable agreement for further details.



+----------------------------------------------------------------------+
; Fitter Summary                                                       ;
+-----------------------+----------------------------------------------+
; Fitter Status         ; Successful - Wed May 01 19:14:26 2024        ;
; Quartus II Version    ; 9.1 Build 304 01/25/2010 SP 1 SJ Web Edition ;
; Revision Name         ; tt                                           ;
; Top-level Entity Name ; tt                                           ;
; Family                ; MAX3000A                                     ;
; Device                ; EPM3064ALC44-10                              ;
; Timing Models         ; Final                                        ;
; Total macrocells      ; 32 / 64 ( 50 % )                             ;
; Total pins            ; 17 / 34 ( 50 % )                             ;
+-----------------------+----------------------------------------------+


+--------------------------------------------------------------------------------------------------------------+
; Fitter Settings                                                                                              ;
+----------------------------------------------------------------------------+-----------------+---------------+
; Option                                                                     ; Setting         ; Default Value ;
+----------------------------------------------------------------------------+-----------------+---------------+
; Device                                                                     ; EPM3064ALC44-10 ;               ;
; Use smart compilation                                                      ; Off             ; Off           ;
; Enable parallel Assembler and TimeQuest Timing Analyzer during compilation ; On              ; On            ;
; Enable compact report table                                                ; Off             ; Off           ;
; Use TimeQuest Timing Analyzer                                              ; Off             ; Off           ;
; Optimize Timing for ECOs                                                   ; Off             ; Off           ;
; Regenerate full fit report during ECO compiles                             ; Off             ; Off           ;
; Optimize IOC Register Placement for Timing                                 ; On              ; On            ;
; Limit to One Fitting Attempt                                               ; Off             ; Off           ;
; Fitter Initial Placement Seed                                              ; 1               ; 1             ;
; Slow Slew Rate                                                             ; Off             ; Off           ;
; Fitter Effort                                                              ; Auto Fit        ; Auto Fit      ;
; Force Fitter to Avoid Periphery Placement Warnings                         ; Off             ; Off           ;
; Use Best Effort Settings for Compilation                                   ; Off             ; Off           ;
+----------------------------------------------------------------------------+-----------------+---------------+


Parallel compilation was disabled, but you have multiple processors available. Enable parallel compilation to reduce compilation time.
+-------------------------------------+
; Parallel Compilation                ;
+----------------------------+--------+
; Processors                 ; Number ;
+----------------------------+--------+
; Number detected on machine ; 4      ;
; Maximum allowed            ; 1      ;
+----------------------------+--------+


+--------------+
; Pin-Out File ;
+--------------+
The pin-out file can be found in C:/Vue/Verilog_CommonAnodeFour-DigitSeven2/tt.pin.


+-------------------------------------------------------------------------+
; Fitter Resource Usage Summary                                           ;
+-----------------------------------+-------------------------------------+
; Resource                          ; Usage                               ;
+-----------------------------------+-------------------------------------+
; Logic cells                       ; 32 / 64 ( 50 % )                    ;
; Registers                         ; 30 / 64 ( 47 % )                    ;
; Number of pterms used             ; 47                                  ;
; User inserted logic elements      ; 0                                   ;
; I/O pins                          ; 17 / 34 ( 50 % )                    ;
;     -- Clock pins                 ; 1 / 2 ( 50 % )                      ;
;     -- Dedicated input pins       ; 0 / 2 ( 0 % )                       ;
; Global signals                    ; 1                                   ;
; Shareable expanders               ; 0 / 64 ( 0 % )                      ;
; Parallel expanders                ; 0 / 60 ( 0 % )                      ;
; Cells using turbo bit             ; 32 / 64 ( 50 % )                    ;
; Maximum fan-out node              ; clk                                 ;
; Maximum fan-out                   ; 22                                  ;
; Highest non-global fan-out signal ; lpm_counter:frequency_rtl_0|dffs[0] ;
; Highest non-global fan-out        ; 21                                  ;
; Total fan-out                     ; 302                                 ;
; Average fan-out                   ; 6.16                                ;
+-----------------------------------+-------------------------------------+


+--------------------------------------------------------------------------------------------------------------------------------------+
; Input Pins                                                                                                                           ;
+-----------------+-------+----------+-----+-----------------------+--------------------+--------+--------------+----------------------+
; Name            ; Pin # ; I/O Bank ; LAB ; Combinational Fan-Out ; Registered Fan-Out ; Global ; I/O Standard ; Location assigned by ;
+-----------------+-------+----------+-----+-----------------------+--------------------+--------+--------------+----------------------+
; clk             ; 43    ; --       ; --  ; 22                    ; 0                  ; yes    ; 3.3-V LVTTL  ; User                 ;
; showDigit_input ; 40    ; --       ; 4   ; 0                     ; 0                  ; no     ; 3.3-V LVTTL  ; Fitter               ;
; showNum_input   ; 31    ; --       ; 3   ; 0                     ; 0                  ; no     ; 3.3-V LVTTL  ; Fitter               ;
+-----------------+-------+----------+-----+-----------------------+--------------------+--------+--------------+----------------------+


+---------------------------------------------------------------------------------------------------------------------------------------------------------------------------------------------------------+
; Output Pins                                                                                                                                                                                             ;
+---------------------+-------+----------+-----+-----------------+----------------+------------+---------------+--------------+----------------------+-------+----------------------+---------------------+
; Name                ; Pin # ; I/O Bank ; LAB ; Output Register ; Slow Slew Rate ; Open Drain ; TRI Primitive ; I/O Standard ; Location assigned by ; Load  ; Output Enable Source ; Output Enable Group ;
+---------------------+-------+----------+-----+-----------------+----------------+------------+---------------+--------------+----------------------+-------+----------------------+---------------------+
; showDigit_output[0] ; 4     ; --       ; 1   ; no              ; no             ; no         ; no            ; 3.3-V LVTTL  ; User                 ; 10 pF ; -                    ; -                   ;
; showDigit_output[1] ; 5     ; --       ; 1   ; no              ; no             ; no         ; no            ; 3.3-V LVTTL  ; User                 ; 10 pF ; -                    ; -                   ;
; showDigit_output[2] ; 6     ; --       ; 1   ; no              ; no             ; no         ; no            ; 3.3-V LVTTL  ; User                 ; 10 pF ; -                    ; -                   ;
; showDigit_output[3] ; 8     ; --       ; 1   ; no              ; no             ; no         ; no            ; 3.3-V LVTTL  ; User                 ; 10 pF ; -                    ; -                   ;
; showNum_output[0]   ; 9     ; --       ; 1   ; no              ; no             ; no         ; no            ; 3.3-V LVTTL  ; User                 ; 10 pF ; -                    ; -                   ;
; showNum_output[1]   ; 11    ; --       ; 1   ; no              ; no             ; no         ; no            ; 3.3-V LVTTL  ; User                 ; 10 pF ; -                    ; -                   ;
; showNum_output[2]   ; 12    ; --       ; 1   ; no              ; no             ; no         ; no            ; 3.3-V LVTTL  ; User                 ; 10 pF ; -                    ; -                   ;
; showNum_output[3]   ; 16    ; --       ; 2   ; no              ; no             ; no         ; no            ; 3.3-V LVTTL  ; User                 ; 10 pF ; -                    ; -                   ;
; showNum_output[4]   ; 14    ; --       ; 2   ; no              ; no             ; no         ; no            ; 3.3-V LVTTL  ; User                 ; 10 pF ; -                    ; -                   ;
; showNum_output[5]   ; 41    ; --       ; 4   ; no              ; no             ; no         ; no            ; 3.3-V LVTTL  ; User                 ; 10 pF ; -                    ; -                   ;
+---------------------+-------+----------+-----+-----------------+----------------+------------+---------------+--------------+----------------------+-------+----------------------+---------------------+


+------------------------------------------------------------------------------------------------------------+
; All Package Pins                                                                                           ;
+----------+------------+----------+---------------------+--------+--------------+---------+-----------------+
; Location ; Pad Number ; I/O Bank ; Pin Name/Usage      ; Dir.   ; I/O Standard ; Voltage ; User Assignment ;
+----------+------------+----------+---------------------+--------+--------------+---------+-----------------+
; 1        ; 0          ; --       ; GND+                ;        ;              ;         ;                 ;
; 2        ; 1          ; --       ; GND+                ;        ;              ;         ;                 ;
; 3        ; 2          ; --       ; VCCINT              ; power  ;              ; 3.3V    ;                 ;
; 4        ; 3          ; --       ; showDigit_output[0] ; output ; 3.3-V LVTTL  ;         ; Y               ;
; 5        ; 4          ; --       ; showDigit_output[1] ; output ; 3.3-V LVTTL  ;         ; Y               ;
; 6        ; 5          ; --       ; showDigit_output[2] ; output ; 3.3-V LVTTL  ;         ; Y               ;
; 7        ; 6          ; --       ; TDI                 ; input  ; 3.3-V LVTTL  ;         ; N               ;
; 8        ; 7          ; --       ; showDigit_output[3] ; output ; 3.3-V LVTTL  ;         ; Y               ;
; 9        ; 8          ; --       ; showNum_output[0]   ; output ; 3.3-V LVTTL  ;         ; Y               ;
; 10       ; 9          ; --       ; GND                 ; gnd    ;              ;         ;                 ;
; 11       ; 10         ; --       ; showNum_output[1]   ; output ; 3.3-V LVTTL  ;         ; Y               ;
; 12       ; 11         ; --       ; showNum_output[2]   ; output ; 3.3-V LVTTL  ;         ; Y               ;
; 13       ; 12         ; --       ; TMS                 ; input  ; 3.3-V LVTTL  ;         ; N               ;
; 14       ; 13         ; --       ; showNum_output[4]   ; output ; 3.3-V LVTTL  ;         ; Y               ;
; 15       ; 14         ; --       ; VCCIO               ; power  ;              ; 3.3V    ;                 ;
; 16       ; 15         ; --       ; showNum_output[3]   ; output ; 3.3-V LVTTL  ;         ; Y               ;
; 17       ; 16         ; --       ; GND                 ; gnd    ;              ;         ;                 ;
; 18       ; 17         ; --       ; RESERVED            ;        ;              ;         ;                 ;
; 19       ; 18         ; --       ; RESERVED            ;        ;              ;         ;                 ;
; 20       ; 19         ; --       ; RESERVED            ;        ;              ;         ;                 ;
; 21       ; 20         ; --       ; RESERVED            ;        ;              ;         ;                 ;
; 22       ; 21         ; --       ; GND                 ; gnd    ;              ;         ;                 ;
; 23       ; 22         ; --       ; VCCINT              ; power  ;              ; 3.3V    ;                 ;
; 24       ; 23         ; --       ; RESERVED            ;        ;              ;         ;                 ;
; 25       ; 24         ; --       ; RESERVED            ;        ;              ;         ;                 ;
; 26       ; 25         ; --       ; RESERVED            ;        ;              ;         ;                 ;
; 27       ; 26         ; --       ; RESERVED            ;        ;              ;         ;                 ;
; 28       ; 27         ; --       ; RESERVED            ;        ;              ;         ;                 ;
; 29       ; 28         ; --       ; RESERVED            ;        ;              ;         ;                 ;
; 30       ; 29         ; --       ; GND                 ; gnd    ;              ;         ;                 ;
; 31       ; 30         ; --       ; showNum_input       ; input  ; 3.3-V LVTTL  ;         ; N               ;
; 32       ; 31         ; --       ; TCK                 ; input  ; 3.3-V LVTTL  ;         ; N               ;
; 33       ; 32         ; --       ; RESERVED            ;        ;              ;         ;                 ;
; 34       ; 33         ; --       ; RESERVED            ;        ;              ;         ;                 ;
; 35       ; 34         ; --       ; VCCIO               ; power  ;              ; 3.3V    ;                 ;
; 36       ; 35         ; --       ; GND                 ; gnd    ;              ;         ;                 ;
; 37       ; 36         ; --       ; RESERVED            ;        ;              ;         ;                 ;
; 38       ; 37         ; --       ; TDO                 ; output ; 3.3-V LVTTL  ;         ; N               ;
; 39       ; 38         ; --       ; RESERVED            ;        ;              ;         ;                 ;
; 40       ; 39         ; --       ; showDigit_input     ; input  ; 3.3-V LVTTL  ;         ; N               ;
; 41       ; 40         ; --       ; showNum_output[5]   ; output ; 3.3-V LVTTL  ;         ; Y               ;
; 42       ; 41         ; --       ; GND                 ; gnd    ;              ;         ;                 ;
; 43       ; 42         ; --       ; clk                 ; input  ; 3.3-V LVTTL  ;         ; Y               ;
; 44       ; 43         ; --       ; GND+                ;        ;              ;         ;                 ;
+----------+------------+----------+---------------------+--------+--------------+---------+-----------------+
Note: Pin directions (input, output or bidir) are based on device operating in user mode.


+--------------------------------------------------------------------------------------------------+
; I/O Standard                                                                                     ;
+--------------+------------+----------------------+-------------------+-------------------+-------+
; I/O Standard ; Input Vref ; Dedicated Input Pins ; Pins in I/O Bank1 ; Pins in I/O Bank2 ; Total ;
+--------------+------------+----------------------+-------------------+-------------------+-------+
; 3.3-V LVTTL  ; -          ; 1                    ; 0                 ; 0                 ; 1     ;
+--------------+------------+----------------------+-------------------+-------------------+-------+


+--------------------------------------------------------------------+
; Dedicated Inputs I/O                                               ;
+------+-------+-------+-------+--------------+------------+---------+
; Name ; Pin # ; Type  ; VCCIO ; I/O Standard ; Input Vref ; Current ;
+------+-------+-------+-------+--------------+------------+---------+
; clk  ; 43    ; Input ; --    ; 3.3-V LVTTL  ; -          ; 0 mA    ;
+------+-------+-------+-------+--------------+------------+---------+


+-----------------------------------------------+
; Output Pin Default Load For Reported TCO      ;
+--------------+-------+------------------------+
; I/O Standard ; Load  ; Termination Resistance ;
+--------------+-------+------------------------+
; 3.3-V LVTTL  ; 10 pF ; Not Available          ;
; 3.3-V LVCMOS ; 10 pF ; Not Available          ;
; 3.3-V PCI    ; 10 pF ; 25 Ohm (Parallel)      ;
; 2.5 V        ; 10 pF ; Not Available          ;
+--------------+-------+------------------------+
Note: User assignments will override these defaults. The user specified values are listed in the Output Pins and Bidir Pins tables.


+-------------------------------------------------------------------------------------------------------+
; Fitter Resource Utilization by Entity                                                                 ;
+----------------------------------+------------+------+---------------------------------+--------------+
; Compilation Hierarchy Node       ; Macrocells ; Pins ; Full Hierarchy Name             ; Library Name ;
+----------------------------------+------------+------+---------------------------------+--------------+
; |tt                              ; 32         ; 17   ; |tt                             ; work         ;
;    |lpm_counter:frequency_rtl_0| ; 22         ; 0    ; |tt|lpm_counter:frequency_rtl_0 ; work         ;
+----------------------------------+------------+------+---------------------------------+--------------+


+----------------------------------------------------------------------------------------------------------------------+
; Control Signals                                                                                                      ;
+--------------------------------------+----------+---------+-------+--------+----------------------+------------------+
; Name                                 ; Location ; Fan-Out ; Usage ; Global ; Global Resource Used ; Global Line Name ;
+--------------------------------------+----------+---------+-------+--------+----------------------+------------------+
; clk                                  ; PIN_43   ; 22      ; Clock ; yes    ; On                   ; --               ;
; lpm_counter:frequency_rtl_0|dffs[21] ; LC33     ; 8       ; Clock ; no     ; --                   ; --               ;
+--------------------------------------+----------+---------+-------+--------+----------------------+------------------+


+---------------------------------------------------------------------+
; Global & Other Fast Signals                                         ;
+------+----------+---------+----------------------+------------------+
; Name ; Location ; Fan-Out ; Global Resource Used ; Global Line Name ;
+------+----------+---------+----------------------+------------------+
; clk  ; PIN_43   ; 22      ; On                   ; --               ;
+------+----------+---------+----------------------+------------------+


+------------------------------------------------+
; Non-Global High Fan-Out Signals                ;
+--------------------------------------+---------+
; Name                                 ; Fan-Out ;
+--------------------------------------+---------+
; lpm_counter:frequency_rtl_0|dffs[0]  ; 21      ;
; lpm_counter:frequency_rtl_0|dffs[1]  ; 20      ;
; lpm_counter:frequency_rtl_0|dffs[2]  ; 19      ;
; lpm_counter:frequency_rtl_0|dffs[3]  ; 18      ;
; lpm_counter:frequency_rtl_0|dffs[4]  ; 17      ;
; lpm_counter:frequency_rtl_0|dffs[5]  ; 16      ;
; lpm_counter:frequency_rtl_0|dffs[6]  ; 15      ;
; lpm_counter:frequency_rtl_0|dffs[7]  ; 14      ;
; lpm_counter:frequency_rtl_0|dffs[8]  ; 13      ;
; lpm_counter:frequency_rtl_0|dffs[9]  ; 12      ;
; lpm_counter:frequency_rtl_0|dffs[10] ; 11      ;
; lpm_counter:frequency_rtl_0|dffs[11] ; 10      ;
; lpm_counter:frequency_rtl_0|dffs[12] ; 9       ;
; lpm_counter:frequency_rtl_0|dffs[21] ; 8       ;
; lpm_counter:frequency_rtl_0|dffs[13] ; 8       ;
; lpm_counter:frequency_rtl_0|dffs[14] ; 7       ;
; lpm_counter:frequency_rtl_0|dffs[15] ; 6       ;
; showDigit_output[0]~reg0             ; 5       ;
; showNum_output[0]~reg0               ; 5       ;
; showDigit_output[3]~reg0             ; 5       ;
; showNum_output[3]~reg0               ; 5       ;
; showDigit_output[2]~reg0             ; 5       ;
; showDigit_output[1]~reg0             ; 5       ;
; showNum_output[1]~reg0               ; 5       ;
; lpm_counter:frequency_rtl_0|dffs[16] ; 5       ;
; showNum_output[2]~reg0               ; 4       ;
; lpm_counter:frequency_rtl_0|dffs[17] ; 4       ;
; lpm_counter:frequency_rtl_0|dffs[18] ; 3       ;
; lpm_counter:frequency_rtl_0|dffs[19] ; 2       ;
; ~GND~1                               ; 1       ;
; ~GND~0                               ; 1       ;
; lpm_counter:frequency_rtl_0|dffs[20] ; 1       ;
+--------------------------------------+---------+


+------------------------------------------------+
; Interconnect Usage Summary                     ;
+----------------------------+-------------------+
; Interconnect Resource Type ; Usage             ;
+----------------------------+-------------------+
; Output enables             ; 0 / 6 ( 0 % )     ;
; PIA buffers                ; 40 / 144 ( 28 % ) ;
+----------------------------+-------------------+


+----------------------------------------------------------------------+
; LAB Macrocells                                                       ;
+----------------------------------------+-----------------------------+
; Number of Macrocells  (Average = 8.00) ; Number of LABs  (Total = 4) ;
+----------------------------------------+-----------------------------+
; 0                                      ; 0                           ;
; 1                                      ; 0                           ;
; 2                                      ; 1                           ;
; 3                                      ; 0                           ;
; 4                                      ; 0                           ;
; 5                                      ; 0                           ;
; 6                                      ; 0                           ;
; 7                                      ; 2                           ;
; 8                                      ; 0                           ;
; 9                                      ; 0                           ;
; 10                                     ; 0                           ;
; 11                                     ; 0                           ;
; 12                                     ; 0                           ;
; 13                                     ; 0                           ;
; 14                                     ; 0                           ;
; 15                                     ; 0                           ;
; 16                                     ; 1                           ;
+----------------------------------------+-----------------------------+


+------------------------------------------------------------------------------------------------------------------------------------------------------------------------------------------------------------------------------------------------------------------------------------------------------------------------------------------------------------------------------------------------------------------------------------------------------------------------------------------------------------------------------------------------------------------------------------------------------------------------------------------------------------------------------------------------------------------------------------------------------------------------------------------------------------------------------------------------------------------------------------------------------------------------------------------------------------------------------------------------------------------------------------------------------------------------------------------------------------------------------------------------------------------------------------------------------------------------------------------------------------------------------------------------------------------------------------------------------------------------------------------------------------------------------------------------------------------------------------------------------------------------------------------------------------------------------------------------------------------------------------------------------------------+
; Logic Cell Interconnection                                                                                                                                                                                                                                                                                                                                                                                                                                                                                                                                                                                                                                                                                                                                                                                                                                                                                                                                                                                                                                                                                                                                                                                                                                                                                                                                                                                                                                                                                                                                                                                                                                       ;
+-----+------------+-------------------------------------------------------------------------------------------------------------------------------------------------------------------------------------------------------------------------------------------------------------------------------------------------------------------------------------------------------------------------------------------------------------------------------------------------------------------------------------------------------------------------------------------------------------------------------------------------------------------------------------------------------------------------------------------------------------------------------------------------------------------------------------------------------------------------+---------------------------------------------------------------------------------------------------------------------------------------------------------------------------------------------------------------------------------------------------------------------------------------------------------------------------------------------------------------------------------------------------------------------------------------------------------------------------------------------------------------------------------------------------------------------------------------------------------------------------------------------------------------------------------------------------------------------------------------------------------------------------------------------------------------------+
; LAB ; Logic Cell ; Input                                                                                                                                                                                                                                                                                                                                                                                                                                                                                                                                                                                                                                                                                                                                                                                                                   ; Output                                                                                                                                                                                                                                                                                                                                                                                                                                                                                                                                                                                                                                                                                                                                                                                                              ;
+-----+------------+-------------------------------------------------------------------------------------------------------------------------------------------------------------------------------------------------------------------------------------------------------------------------------------------------------------------------------------------------------------------------------------------------------------------------------------------------------------------------------------------------------------------------------------------------------------------------------------------------------------------------------------------------------------------------------------------------------------------------------------------------------------------------------------------------------------------------+---------------------------------------------------------------------------------------------------------------------------------------------------------------------------------------------------------------------------------------------------------------------------------------------------------------------------------------------------------------------------------------------------------------------------------------------------------------------------------------------------------------------------------------------------------------------------------------------------------------------------------------------------------------------------------------------------------------------------------------------------------------------------------------------------------------------+
;  A  ; LC3        ; showNum_output[0]~reg0, showNum_output[1]~reg0, showNum_output[3]~reg0, lpm_counter:frequency_rtl_0|dffs[21]                                                                                                                                                                                                                                                                                                                                                                                                                                                                                                                                                                                                                                                                                                            ; showNum_output[1]~reg0, showNum_output[1], showNum_output[2]~reg0, showNum_output[3]~reg0, showNum_output[0]~reg0                                                                                                                                                                                                                                                                                                                                                                                                                                                                                                                                                                                                                                                                                                   ;
;  A  ; LC14       ; showDigit_output[0]~reg0, showDigit_output[3]~reg0, showDigit_output[1]~reg0, showDigit_output[2]~reg0, lpm_counter:frequency_rtl_0|dffs[21]                                                                                                                                                                                                                                                                                                                                                                                                                                                                                                                                                                                                                                                                            ; showDigit_output[1]~reg0, showDigit_output[1], showDigit_output[2]~reg0, showDigit_output[3]~reg0, showDigit_output[0]~reg0                                                                                                                                                                                                                                                                                                                                                                                                                                                                                                                                                                                                                                                                                         ;
;  A  ; LC1        ; showNum_output[0]~reg0, showNum_output[1]~reg0, showNum_output[3]~reg0, showNum_output[2]~reg0, lpm_counter:frequency_rtl_0|dffs[21]                                                                                                                                                                                                                                                                                                                                                                                                                                                                                                                                                                                                                                                                                    ; showNum_output[2]~reg0, showNum_output[2], showNum_output[3]~reg0, showNum_output[0]~reg0                                                                                                                                                                                                                                                                                                                                                                                                                                                                                                                                                                                                                                                                                                                           ;
;  A  ; LC11       ; showDigit_output[0]~reg0, showDigit_output[1]~reg0, showDigit_output[3]~reg0, showDigit_output[2]~reg0, lpm_counter:frequency_rtl_0|dffs[21]                                                                                                                                                                                                                                                                                                                                                                                                                                                                                                                                                                                                                                                                            ; showDigit_output[1]~reg0, showDigit_output[2]~reg0, showDigit_output[2], showDigit_output[3]~reg0, showDigit_output[0]~reg0                                                                                                                                                                                                                                                                                                                                                                                                                                                                                                                                                                                                                                                                                         ;
;  A  ; LC5        ; showDigit_output[0]~reg0, showDigit_output[1]~reg0, showDigit_output[2]~reg0, showDigit_output[3]~reg0, lpm_counter:frequency_rtl_0|dffs[21]                                                                                                                                                                                                                                                                                                                                                                                                                                                                                                                                                                                                                                                                            ; showDigit_output[1]~reg0, showDigit_output[2]~reg0, showDigit_output[3]~reg0, showDigit_output[3], showDigit_output[0]~reg0                                                                                                                                                                                                                                                                                                                                                                                                                                                                                                                                                                                                                                                                                         ;
;  A  ; LC4        ; showNum_output[1]~reg0, showNum_output[3]~reg0, showNum_output[0]~reg0, showNum_output[2]~reg0, lpm_counter:frequency_rtl_0|dffs[21]                                                                                                                                                                                                                                                                                                                                                                                                                                                                                                                                                                                                                                                                                    ; showNum_output[1]~reg0, showNum_output[2]~reg0, showNum_output[3]~reg0, showNum_output[0]~reg0, showNum_output[0]                                                                                                                                                                                                                                                                                                                                                                                                                                                                                                                                                                                                                                                                                                   ;
;  A  ; LC16       ; showDigit_output[0]~reg0, showDigit_output[3]~reg0, showDigit_output[1]~reg0, showDigit_output[2]~reg0, lpm_counter:frequency_rtl_0|dffs[21]                                                                                                                                                                                                                                                                                                                                                                                                                                                                                                                                                                                                                                                                            ; showDigit_output[1]~reg0, showDigit_output[2]~reg0, showDigit_output[3]~reg0, showDigit_output[0]~reg0, showDigit_output[0]                                                                                                                                                                                                                                                                                                                                                                                                                                                                                                                                                                                                                                                                                         ;
;  B  ; LC25       ; showNum_output[3]~reg0, showNum_output[2]~reg0, showNum_output[0]~reg0, showNum_output[1]~reg0, lpm_counter:frequency_rtl_0|dffs[21]                                                                                                                                                                                                                                                                                                                                                                                                                                                                                                                                                                                                                                                                                    ; showNum_output[1]~reg0, showNum_output[2]~reg0, showNum_output[3]~reg0, showNum_output[3], showNum_output[0]~reg0                                                                                                                                                                                                                                                                                                                                                                                                                                                                                                                                                                                                                                                                                                   ;
;  B  ; LC30       ;                                                                                                                                                                                                                                                                                                                                                                                                                                                                                                                                                                                                                                                                                                                                                                                                                         ; showNum_output[4]                                                                                                                                                                                                                                                                                                                                                                                                                                                                                                                                                                                                                                                                                                                                                                                                   ;
;  C  ; LC40       ; clk, lpm_counter:frequency_rtl_0|dffs[1], lpm_counter:frequency_rtl_0|dffs[0], lpm_counter:frequency_rtl_0|dffs[2], lpm_counter:frequency_rtl_0|dffs[3], lpm_counter:frequency_rtl_0|dffs[4], lpm_counter:frequency_rtl_0|dffs[5]                                                                                                                                                                                                                                                                                                                                                                                                                                                                                                                                                                                       ; lpm_counter:frequency_rtl_0|dffs[7], lpm_counter:frequency_rtl_0|dffs[8], lpm_counter:frequency_rtl_0|dffs[9], lpm_counter:frequency_rtl_0|dffs[10], lpm_counter:frequency_rtl_0|dffs[11], lpm_counter:frequency_rtl_0|dffs[12], lpm_counter:frequency_rtl_0|dffs[13], lpm_counter:frequency_rtl_0|dffs[14], lpm_counter:frequency_rtl_0|dffs[15], lpm_counter:frequency_rtl_0|dffs[16], lpm_counter:frequency_rtl_0|dffs[17], lpm_counter:frequency_rtl_0|dffs[18], lpm_counter:frequency_rtl_0|dffs[19], lpm_counter:frequency_rtl_0|dffs[20], lpm_counter:frequency_rtl_0|dffs[21]                                                                                                                                                                                                                               ;
;  C  ; LC34       ; clk, lpm_counter:frequency_rtl_0|dffs[1], lpm_counter:frequency_rtl_0|dffs[0], lpm_counter:frequency_rtl_0|dffs[2], lpm_counter:frequency_rtl_0|dffs[3], lpm_counter:frequency_rtl_0|dffs[4], lpm_counter:frequency_rtl_0|dffs[5], lpm_counter:frequency_rtl_0|dffs[6]                                                                                                                                                                                                                                                                                                                                                                                                                                                                                                                                                  ; lpm_counter:frequency_rtl_0|dffs[8], lpm_counter:frequency_rtl_0|dffs[9], lpm_counter:frequency_rtl_0|dffs[10], lpm_counter:frequency_rtl_0|dffs[11], lpm_counter:frequency_rtl_0|dffs[12], lpm_counter:frequency_rtl_0|dffs[13], lpm_counter:frequency_rtl_0|dffs[14], lpm_counter:frequency_rtl_0|dffs[15], lpm_counter:frequency_rtl_0|dffs[16], lpm_counter:frequency_rtl_0|dffs[17], lpm_counter:frequency_rtl_0|dffs[18], lpm_counter:frequency_rtl_0|dffs[19], lpm_counter:frequency_rtl_0|dffs[20], lpm_counter:frequency_rtl_0|dffs[21]                                                                                                                                                                                                                                                                    ;
;  C  ; LC35       ; clk, lpm_counter:frequency_rtl_0|dffs[1], lpm_counter:frequency_rtl_0|dffs[0], lpm_counter:frequency_rtl_0|dffs[2], lpm_counter:frequency_rtl_0|dffs[3], lpm_counter:frequency_rtl_0|dffs[4], lpm_counter:frequency_rtl_0|dffs[5], lpm_counter:frequency_rtl_0|dffs[6], lpm_counter:frequency_rtl_0|dffs[7]                                                                                                                                                                                                                                                                                                                                                                                                                                                                                                             ; lpm_counter:frequency_rtl_0|dffs[9], lpm_counter:frequency_rtl_0|dffs[10], lpm_counter:frequency_rtl_0|dffs[11], lpm_counter:frequency_rtl_0|dffs[12], lpm_counter:frequency_rtl_0|dffs[13], lpm_counter:frequency_rtl_0|dffs[14], lpm_counter:frequency_rtl_0|dffs[15], lpm_counter:frequency_rtl_0|dffs[16], lpm_counter:frequency_rtl_0|dffs[17], lpm_counter:frequency_rtl_0|dffs[18], lpm_counter:frequency_rtl_0|dffs[19], lpm_counter:frequency_rtl_0|dffs[20], lpm_counter:frequency_rtl_0|dffs[21]                                                                                                                                                                                                                                                                                                         ;
;  C  ; LC36       ; clk, lpm_counter:frequency_rtl_0|dffs[1], lpm_counter:frequency_rtl_0|dffs[0], lpm_counter:frequency_rtl_0|dffs[2], lpm_counter:frequency_rtl_0|dffs[3], lpm_counter:frequency_rtl_0|dffs[4], lpm_counter:frequency_rtl_0|dffs[5], lpm_counter:frequency_rtl_0|dffs[6], lpm_counter:frequency_rtl_0|dffs[7], lpm_counter:frequency_rtl_0|dffs[8]                                                                                                                                                                                                                                                                                                                                                                                                                                                                        ; lpm_counter:frequency_rtl_0|dffs[10], lpm_counter:frequency_rtl_0|dffs[11], lpm_counter:frequency_rtl_0|dffs[12], lpm_counter:frequency_rtl_0|dffs[13], lpm_counter:frequency_rtl_0|dffs[14], lpm_counter:frequency_rtl_0|dffs[15], lpm_counter:frequency_rtl_0|dffs[16], lpm_counter:frequency_rtl_0|dffs[17], lpm_counter:frequency_rtl_0|dffs[18], lpm_counter:frequency_rtl_0|dffs[19], lpm_counter:frequency_rtl_0|dffs[20], lpm_counter:frequency_rtl_0|dffs[21]                                                                                                                                                                                                                                                                                                                                              ;
;  C  ; LC37       ; clk, lpm_counter:frequency_rtl_0|dffs[1], lpm_counter:frequency_rtl_0|dffs[0], lpm_counter:frequency_rtl_0|dffs[2], lpm_counter:frequency_rtl_0|dffs[3], lpm_counter:frequency_rtl_0|dffs[4], lpm_counter:frequency_rtl_0|dffs[5], lpm_counter:frequency_rtl_0|dffs[6], lpm_counter:frequency_rtl_0|dffs[7], lpm_counter:frequency_rtl_0|dffs[8], lpm_counter:frequency_rtl_0|dffs[9]                                                                                                                                                                                                                                                                                                                                                                                                                                   ; lpm_counter:frequency_rtl_0|dffs[11], lpm_counter:frequency_rtl_0|dffs[12], lpm_counter:frequency_rtl_0|dffs[13], lpm_counter:frequency_rtl_0|dffs[14], lpm_counter:frequency_rtl_0|dffs[15], lpm_counter:frequency_rtl_0|dffs[16], lpm_counter:frequency_rtl_0|dffs[17], lpm_counter:frequency_rtl_0|dffs[18], lpm_counter:frequency_rtl_0|dffs[19], lpm_counter:frequency_rtl_0|dffs[20], lpm_counter:frequency_rtl_0|dffs[21]                                                                                                                                                                                                                                                                                                                                                                                    ;
;  C  ; LC38       ; clk, lpm_counter:frequency_rtl_0|dffs[1], lpm_counter:frequency_rtl_0|dffs[0], lpm_counter:frequency_rtl_0|dffs[2], lpm_counter:frequency_rtl_0|dffs[3], lpm_counter:frequency_rtl_0|dffs[4], lpm_counter:frequency_rtl_0|dffs[5], lpm_counter:frequency_rtl_0|dffs[6], lpm_counter:frequency_rtl_0|dffs[7], lpm_counter:frequency_rtl_0|dffs[8], lpm_counter:frequency_rtl_0|dffs[9], lpm_counter:frequency_rtl_0|dffs[10]                                                                                                                                                                                                                                                                                                                                                                                             ; lpm_counter:frequency_rtl_0|dffs[12], lpm_counter:frequency_rtl_0|dffs[13], lpm_counter:frequency_rtl_0|dffs[14], lpm_counter:frequency_rtl_0|dffs[15], lpm_counter:frequency_rtl_0|dffs[16], lpm_counter:frequency_rtl_0|dffs[17], lpm_counter:frequency_rtl_0|dffs[18], lpm_counter:frequency_rtl_0|dffs[19], lpm_counter:frequency_rtl_0|dffs[20], lpm_counter:frequency_rtl_0|dffs[21]                                                                                                                                                                                                                                                                                                                                                                                                                          ;
;  C  ; LC39       ; clk, lpm_counter:frequency_rtl_0|dffs[1], lpm_counter:frequency_rtl_0|dffs[0], lpm_counter:frequency_rtl_0|dffs[2], lpm_counter:frequency_rtl_0|dffs[3], lpm_counter:frequency_rtl_0|dffs[4], lpm_counter:frequency_rtl_0|dffs[5], lpm_counter:frequency_rtl_0|dffs[6], lpm_counter:frequency_rtl_0|dffs[7], lpm_counter:frequency_rtl_0|dffs[8], lpm_counter:frequency_rtl_0|dffs[9], lpm_counter:frequency_rtl_0|dffs[10], lpm_counter:frequency_rtl_0|dffs[11]                                                                                                                                                                                                                                                                                                                                                       ; lpm_counter:frequency_rtl_0|dffs[13], lpm_counter:frequency_rtl_0|dffs[14], lpm_counter:frequency_rtl_0|dffs[15], lpm_counter:frequency_rtl_0|dffs[16], lpm_counter:frequency_rtl_0|dffs[17], lpm_counter:frequency_rtl_0|dffs[18], lpm_counter:frequency_rtl_0|dffs[19], lpm_counter:frequency_rtl_0|dffs[20], lpm_counter:frequency_rtl_0|dffs[21]                                                                                                                                                                                                                                                                                                                                                                                                                                                                ;
;  C  ; LC42       ; clk, lpm_counter:frequency_rtl_0|dffs[1], lpm_counter:frequency_rtl_0|dffs[0], lpm_counter:frequency_rtl_0|dffs[2], lpm_counter:frequency_rtl_0|dffs[3], lpm_counter:frequency_rtl_0|dffs[4], lpm_counter:frequency_rtl_0|dffs[5], lpm_counter:frequency_rtl_0|dffs[6], lpm_counter:frequency_rtl_0|dffs[7], lpm_counter:frequency_rtl_0|dffs[8], lpm_counter:frequency_rtl_0|dffs[9], lpm_counter:frequency_rtl_0|dffs[10], lpm_counter:frequency_rtl_0|dffs[11], lpm_counter:frequency_rtl_0|dffs[12]                                                                                                                                                                                                                                                                                                                 ; lpm_counter:frequency_rtl_0|dffs[14], lpm_counter:frequency_rtl_0|dffs[15], lpm_counter:frequency_rtl_0|dffs[16], lpm_counter:frequency_rtl_0|dffs[17], lpm_counter:frequency_rtl_0|dffs[18], lpm_counter:frequency_rtl_0|dffs[19], lpm_counter:frequency_rtl_0|dffs[20], lpm_counter:frequency_rtl_0|dffs[21]                                                                                                                                                                                                                                                                                                                                                                                                                                                                                                      ;
;  C  ; LC41       ; clk, lpm_counter:frequency_rtl_0|dffs[1], lpm_counter:frequency_rtl_0|dffs[0], lpm_counter:frequency_rtl_0|dffs[2], lpm_counter:frequency_rtl_0|dffs[3], lpm_counter:frequency_rtl_0|dffs[4], lpm_counter:frequency_rtl_0|dffs[5], lpm_counter:frequency_rtl_0|dffs[6], lpm_counter:frequency_rtl_0|dffs[7], lpm_counter:frequency_rtl_0|dffs[8], lpm_counter:frequency_rtl_0|dffs[9], lpm_counter:frequency_rtl_0|dffs[10], lpm_counter:frequency_rtl_0|dffs[11], lpm_counter:frequency_rtl_0|dffs[12], lpm_counter:frequency_rtl_0|dffs[13]                                                                                                                                                                                                                                                                           ; lpm_counter:frequency_rtl_0|dffs[15], lpm_counter:frequency_rtl_0|dffs[16], lpm_counter:frequency_rtl_0|dffs[17], lpm_counter:frequency_rtl_0|dffs[18], lpm_counter:frequency_rtl_0|dffs[19], lpm_counter:frequency_rtl_0|dffs[20], lpm_counter:frequency_rtl_0|dffs[21]                                                                                                                                                                                                                                                                                                                                                                                                                                                                                                                                            ;
;  C  ; LC48       ; clk, lpm_counter:frequency_rtl_0|dffs[1], lpm_counter:frequency_rtl_0|dffs[0], lpm_counter:frequency_rtl_0|dffs[2], lpm_counter:frequency_rtl_0|dffs[3], lpm_counter:frequency_rtl_0|dffs[4], lpm_counter:frequency_rtl_0|dffs[5], lpm_counter:frequency_rtl_0|dffs[6], lpm_counter:frequency_rtl_0|dffs[7], lpm_counter:frequency_rtl_0|dffs[8], lpm_counter:frequency_rtl_0|dffs[9], lpm_counter:frequency_rtl_0|dffs[10], lpm_counter:frequency_rtl_0|dffs[11], lpm_counter:frequency_rtl_0|dffs[12], lpm_counter:frequency_rtl_0|dffs[13], lpm_counter:frequency_rtl_0|dffs[14]                                                                                                                                                                                                                                     ; lpm_counter:frequency_rtl_0|dffs[16], lpm_counter:frequency_rtl_0|dffs[17], lpm_counter:frequency_rtl_0|dffs[18], lpm_counter:frequency_rtl_0|dffs[19], lpm_counter:frequency_rtl_0|dffs[20], lpm_counter:frequency_rtl_0|dffs[21]                                                                                                                                                                                                                                                                                                                                                                                                                                                                                                                                                                                  ;
;  C  ; LC46       ; clk, lpm_counter:frequency_rtl_0|dffs[1], lpm_counter:frequency_rtl_0|dffs[0], lpm_counter:frequency_rtl_0|dffs[2], lpm_counter:frequency_rtl_0|dffs[3], lpm_counter:frequency_rtl_0|dffs[4], lpm_counter:frequency_rtl_0|dffs[5], lpm_counter:frequency_rtl_0|dffs[6], lpm_counter:frequency_rtl_0|dffs[7], lpm_counter:frequency_rtl_0|dffs[8], lpm_counter:frequency_rtl_0|dffs[9], lpm_counter:frequency_rtl_0|dffs[10], lpm_counter:frequency_rtl_0|dffs[11], lpm_counter:frequency_rtl_0|dffs[12], lpm_counter:frequency_rtl_0|dffs[13], lpm_counter:frequency_rtl_0|dffs[14], lpm_counter:frequency_rtl_0|dffs[15]                                                                                                                                                                                               ; lpm_counter:frequency_rtl_0|dffs[17], lpm_counter:frequency_rtl_0|dffs[18], lpm_counter:frequency_rtl_0|dffs[19], lpm_counter:frequency_rtl_0|dffs[20], lpm_counter:frequency_rtl_0|dffs[21]                                                                                                                                                                                                                                                                                                                                                                                                                                                                                                                                                                                                                        ;
;  C  ; LC45       ; clk, lpm_counter:frequency_rtl_0|dffs[1], lpm_counter:frequency_rtl_0|dffs[0], lpm_counter:frequency_rtl_0|dffs[2], lpm_counter:frequency_rtl_0|dffs[3], lpm_counter:frequency_rtl_0|dffs[4], lpm_counter:frequency_rtl_0|dffs[5], lpm_counter:frequency_rtl_0|dffs[6], lpm_counter:frequency_rtl_0|dffs[7], lpm_counter:frequency_rtl_0|dffs[8], lpm_counter:frequency_rtl_0|dffs[9], lpm_counter:frequency_rtl_0|dffs[10], lpm_counter:frequency_rtl_0|dffs[11], lpm_counter:frequency_rtl_0|dffs[12], lpm_counter:frequency_rtl_0|dffs[13], lpm_counter:frequency_rtl_0|dffs[14], lpm_counter:frequency_rtl_0|dffs[15], lpm_counter:frequency_rtl_0|dffs[16]                                                                                                                                                         ; lpm_counter:frequency_rtl_0|dffs[18], lpm_counter:frequency_rtl_0|dffs[19], lpm_counter:frequency_rtl_0|dffs[20], lpm_counter:frequency_rtl_0|dffs[21]                                                                                                                                                                                                                                                                                                                                                                                                                                                                                                                                                                                                                                                              ;
;  C  ; LC47       ; clk, lpm_counter:frequency_rtl_0|dffs[1], lpm_counter:frequency_rtl_0|dffs[0], lpm_counter:frequency_rtl_0|dffs[2], lpm_counter:frequency_rtl_0|dffs[3], lpm_counter:frequency_rtl_0|dffs[4], lpm_counter:frequency_rtl_0|dffs[5], lpm_counter:frequency_rtl_0|dffs[6], lpm_counter:frequency_rtl_0|dffs[7], lpm_counter:frequency_rtl_0|dffs[8], lpm_counter:frequency_rtl_0|dffs[9], lpm_counter:frequency_rtl_0|dffs[10], lpm_counter:frequency_rtl_0|dffs[11], lpm_counter:frequency_rtl_0|dffs[12], lpm_counter:frequency_rtl_0|dffs[13], lpm_counter:frequency_rtl_0|dffs[14], lpm_counter:frequency_rtl_0|dffs[15], lpm_counter:frequency_rtl_0|dffs[16], lpm_counter:frequency_rtl_0|dffs[17]                                                                                                                   ; lpm_counter:frequency_rtl_0|dffs[19], lpm_counter:frequency_rtl_0|dffs[20], lpm_counter:frequency_rtl_0|dffs[21]                                                                                                                                                                                                                                                                                                                                                                                                                                                                                                                                                                                                                                                                                                    ;
;  C  ; LC44       ; clk, lpm_counter:frequency_rtl_0|dffs[1], lpm_counter:frequency_rtl_0|dffs[0], lpm_counter:frequency_rtl_0|dffs[2], lpm_counter:frequency_rtl_0|dffs[3], lpm_counter:frequency_rtl_0|dffs[4], lpm_counter:frequency_rtl_0|dffs[5], lpm_counter:frequency_rtl_0|dffs[6], lpm_counter:frequency_rtl_0|dffs[7], lpm_counter:frequency_rtl_0|dffs[8], lpm_counter:frequency_rtl_0|dffs[9], lpm_counter:frequency_rtl_0|dffs[10], lpm_counter:frequency_rtl_0|dffs[11], lpm_counter:frequency_rtl_0|dffs[12], lpm_counter:frequency_rtl_0|dffs[13], lpm_counter:frequency_rtl_0|dffs[14], lpm_counter:frequency_rtl_0|dffs[15], lpm_counter:frequency_rtl_0|dffs[16], lpm_counter:frequency_rtl_0|dffs[17], lpm_counter:frequency_rtl_0|dffs[18]                                                                             ; lpm_counter:frequency_rtl_0|dffs[20], lpm_counter:frequency_rtl_0|dffs[21]                                                                                                                                                                                                                                                                                                                                                                                                                                                                                                                                                                                                                                                                                                                                          ;
;  C  ; LC43       ; clk, lpm_counter:frequency_rtl_0|dffs[1], lpm_counter:frequency_rtl_0|dffs[0], lpm_counter:frequency_rtl_0|dffs[2], lpm_counter:frequency_rtl_0|dffs[3], lpm_counter:frequency_rtl_0|dffs[4], lpm_counter:frequency_rtl_0|dffs[5], lpm_counter:frequency_rtl_0|dffs[6], lpm_counter:frequency_rtl_0|dffs[7], lpm_counter:frequency_rtl_0|dffs[8], lpm_counter:frequency_rtl_0|dffs[9], lpm_counter:frequency_rtl_0|dffs[10], lpm_counter:frequency_rtl_0|dffs[11], lpm_counter:frequency_rtl_0|dffs[12], lpm_counter:frequency_rtl_0|dffs[13], lpm_counter:frequency_rtl_0|dffs[14], lpm_counter:frequency_rtl_0|dffs[15], lpm_counter:frequency_rtl_0|dffs[16], lpm_counter:frequency_rtl_0|dffs[17], lpm_counter:frequency_rtl_0|dffs[18], lpm_counter:frequency_rtl_0|dffs[19]                                       ; lpm_counter:frequency_rtl_0|dffs[21]                                                                                                                                                                                                                                                                                                                                                                                                                                                                                                                                                                                                                                                                                                                                                                                ;
;  C  ; LC33       ; clk, lpm_counter:frequency_rtl_0|dffs[1], lpm_counter:frequency_rtl_0|dffs[0], lpm_counter:frequency_rtl_0|dffs[2], lpm_counter:frequency_rtl_0|dffs[3], lpm_counter:frequency_rtl_0|dffs[4], lpm_counter:frequency_rtl_0|dffs[5], lpm_counter:frequency_rtl_0|dffs[6], lpm_counter:frequency_rtl_0|dffs[7], lpm_counter:frequency_rtl_0|dffs[8], lpm_counter:frequency_rtl_0|dffs[9], lpm_counter:frequency_rtl_0|dffs[10], lpm_counter:frequency_rtl_0|dffs[11], lpm_counter:frequency_rtl_0|dffs[12], lpm_counter:frequency_rtl_0|dffs[13], lpm_counter:frequency_rtl_0|dffs[14], lpm_counter:frequency_rtl_0|dffs[15], lpm_counter:frequency_rtl_0|dffs[16], lpm_counter:frequency_rtl_0|dffs[17], lpm_counter:frequency_rtl_0|dffs[18], lpm_counter:frequency_rtl_0|dffs[19], lpm_counter:frequency_rtl_0|dffs[20] ; showNum_output[1]~reg0, showDigit_output[1]~reg0, showNum_output[2]~reg0, showDigit_output[2]~reg0, showNum_output[3]~reg0, showDigit_output[3]~reg0, showNum_output[0]~reg0, showDigit_output[0]~reg0                                                                                                                                                                                                                                                                                                                                                                                                                                                                                                                                                                                                              ;
;  D  ; LC49       ; clk                                                                                                                                                                                                                                                                                                                                                                                                                                                                                                                                                                                                                                                                                                                                                                                                                     ; lpm_counter:frequency_rtl_0|dffs[1], lpm_counter:frequency_rtl_0|dffs[2], lpm_counter:frequency_rtl_0|dffs[3], lpm_counter:frequency_rtl_0|dffs[4], lpm_counter:frequency_rtl_0|dffs[5], lpm_counter:frequency_rtl_0|dffs[6], lpm_counter:frequency_rtl_0|dffs[7], lpm_counter:frequency_rtl_0|dffs[8], lpm_counter:frequency_rtl_0|dffs[9], lpm_counter:frequency_rtl_0|dffs[10], lpm_counter:frequency_rtl_0|dffs[11], lpm_counter:frequency_rtl_0|dffs[12], lpm_counter:frequency_rtl_0|dffs[13], lpm_counter:frequency_rtl_0|dffs[14], lpm_counter:frequency_rtl_0|dffs[15], lpm_counter:frequency_rtl_0|dffs[16], lpm_counter:frequency_rtl_0|dffs[17], lpm_counter:frequency_rtl_0|dffs[18], lpm_counter:frequency_rtl_0|dffs[19], lpm_counter:frequency_rtl_0|dffs[20], lpm_counter:frequency_rtl_0|dffs[21] ;
;  D  ; LC55       ; clk, lpm_counter:frequency_rtl_0|dffs[0]                                                                                                                                                                                                                                                                                                                                                                                                                                                                                                                                                                                                                                                                                                                                                                                ; lpm_counter:frequency_rtl_0|dffs[2], lpm_counter:frequency_rtl_0|dffs[3], lpm_counter:frequency_rtl_0|dffs[4], lpm_counter:frequency_rtl_0|dffs[5], lpm_counter:frequency_rtl_0|dffs[6], lpm_counter:frequency_rtl_0|dffs[7], lpm_counter:frequency_rtl_0|dffs[8], lpm_counter:frequency_rtl_0|dffs[9], lpm_counter:frequency_rtl_0|dffs[10], lpm_counter:frequency_rtl_0|dffs[11], lpm_counter:frequency_rtl_0|dffs[12], lpm_counter:frequency_rtl_0|dffs[13], lpm_counter:frequency_rtl_0|dffs[14], lpm_counter:frequency_rtl_0|dffs[15], lpm_counter:frequency_rtl_0|dffs[16], lpm_counter:frequency_rtl_0|dffs[17], lpm_counter:frequency_rtl_0|dffs[18], lpm_counter:frequency_rtl_0|dffs[19], lpm_counter:frequency_rtl_0|dffs[20], lpm_counter:frequency_rtl_0|dffs[21]                                      ;
;  D  ; LC56       ; clk, lpm_counter:frequency_rtl_0|dffs[1], lpm_counter:frequency_rtl_0|dffs[0]                                                                                                                                                                                                                                                                                                                                                                                                                                                                                                                                                                                                                                                                                                                                           ; lpm_counter:frequency_rtl_0|dffs[3], lpm_counter:frequency_rtl_0|dffs[4], lpm_counter:frequency_rtl_0|dffs[5], lpm_counter:frequency_rtl_0|dffs[6], lpm_counter:frequency_rtl_0|dffs[7], lpm_counter:frequency_rtl_0|dffs[8], lpm_counter:frequency_rtl_0|dffs[9], lpm_counter:frequency_rtl_0|dffs[10], lpm_counter:frequency_rtl_0|dffs[11], lpm_counter:frequency_rtl_0|dffs[12], lpm_counter:frequency_rtl_0|dffs[13], lpm_counter:frequency_rtl_0|dffs[14], lpm_counter:frequency_rtl_0|dffs[15], lpm_counter:frequency_rtl_0|dffs[16], lpm_counter:frequency_rtl_0|dffs[17], lpm_counter:frequency_rtl_0|dffs[18], lpm_counter:frequency_rtl_0|dffs[19], lpm_counter:frequency_rtl_0|dffs[20], lpm_counter:frequency_rtl_0|dffs[21]                                                                           ;
;  D  ; LC57       ; clk, lpm_counter:frequency_rtl_0|dffs[1], lpm_counter:frequency_rtl_0|dffs[0], lpm_counter:frequency_rtl_0|dffs[2]                                                                                                                                                                                                                                                                                                                                                                                                                                                                                                                                                                                                                                                                                                      ; lpm_counter:frequency_rtl_0|dffs[4], lpm_counter:frequency_rtl_0|dffs[5], lpm_counter:frequency_rtl_0|dffs[6], lpm_counter:frequency_rtl_0|dffs[7], lpm_counter:frequency_rtl_0|dffs[8], lpm_counter:frequency_rtl_0|dffs[9], lpm_counter:frequency_rtl_0|dffs[10], lpm_counter:frequency_rtl_0|dffs[11], lpm_counter:frequency_rtl_0|dffs[12], lpm_counter:frequency_rtl_0|dffs[13], lpm_counter:frequency_rtl_0|dffs[14], lpm_counter:frequency_rtl_0|dffs[15], lpm_counter:frequency_rtl_0|dffs[16], lpm_counter:frequency_rtl_0|dffs[17], lpm_counter:frequency_rtl_0|dffs[18], lpm_counter:frequency_rtl_0|dffs[19], lpm_counter:frequency_rtl_0|dffs[20], lpm_counter:frequency_rtl_0|dffs[21]                                                                                                                ;
;  D  ; LC61       ; clk, lpm_counter:frequency_rtl_0|dffs[1], lpm_counter:frequency_rtl_0|dffs[0], lpm_counter:frequency_rtl_0|dffs[2], lpm_counter:frequency_rtl_0|dffs[3]                                                                                                                                                                                                                                                                                                                                                                                                                                                                                                                                                                                                                                                                 ; lpm_counter:frequency_rtl_0|dffs[5], lpm_counter:frequency_rtl_0|dffs[6], lpm_counter:frequency_rtl_0|dffs[7], lpm_counter:frequency_rtl_0|dffs[8], lpm_counter:frequency_rtl_0|dffs[9], lpm_counter:frequency_rtl_0|dffs[10], lpm_counter:frequency_rtl_0|dffs[11], lpm_counter:frequency_rtl_0|dffs[12], lpm_counter:frequency_rtl_0|dffs[13], lpm_counter:frequency_rtl_0|dffs[14], lpm_counter:frequency_rtl_0|dffs[15], lpm_counter:frequency_rtl_0|dffs[16], lpm_counter:frequency_rtl_0|dffs[17], lpm_counter:frequency_rtl_0|dffs[18], lpm_counter:frequency_rtl_0|dffs[19], lpm_counter:frequency_rtl_0|dffs[20], lpm_counter:frequency_rtl_0|dffs[21]                                                                                                                                                     ;
;  D  ; LC50       ; clk, lpm_counter:frequency_rtl_0|dffs[1], lpm_counter:frequency_rtl_0|dffs[0], lpm_counter:frequency_rtl_0|dffs[2], lpm_counter:frequency_rtl_0|dffs[3], lpm_counter:frequency_rtl_0|dffs[4]                                                                                                                                                                                                                                                                                                                                                                                                                                                                                                                                                                                                                            ; lpm_counter:frequency_rtl_0|dffs[6], lpm_counter:frequency_rtl_0|dffs[7], lpm_counter:frequency_rtl_0|dffs[8], lpm_counter:frequency_rtl_0|dffs[9], lpm_counter:frequency_rtl_0|dffs[10], lpm_counter:frequency_rtl_0|dffs[11], lpm_counter:frequency_rtl_0|dffs[12], lpm_counter:frequency_rtl_0|dffs[13], lpm_counter:frequency_rtl_0|dffs[14], lpm_counter:frequency_rtl_0|dffs[15], lpm_counter:frequency_rtl_0|dffs[16], lpm_counter:frequency_rtl_0|dffs[17], lpm_counter:frequency_rtl_0|dffs[18], lpm_counter:frequency_rtl_0|dffs[19], lpm_counter:frequency_rtl_0|dffs[20], lpm_counter:frequency_rtl_0|dffs[21]                                                                                                                                                                                          ;
;  D  ; LC64       ;                                                                                                                                                                                                                                                                                                                                                                                                                                                                                                                                                                                                                                                                                                                                                                                                                         ; showNum_output[5]                                                                                                                                                                                                                                                                                                                                                                                                                                                                                                                                                                                                                                                                                                                                                                                                   ;
+-----+------------+-------------------------------------------------------------------------------------------------------------------------------------------------------------------------------------------------------------------------------------------------------------------------------------------------------------------------------------------------------------------------------------------------------------------------------------------------------------------------------------------------------------------------------------------------------------------------------------------------------------------------------------------------------------------------------------------------------------------------------------------------------------------------------------------------------------------------+---------------------------------------------------------------------------------------------------------------------------------------------------------------------------------------------------------------------------------------------------------------------------------------------------------------------------------------------------------------------------------------------------------------------------------------------------------------------------------------------------------------------------------------------------------------------------------------------------------------------------------------------------------------------------------------------------------------------------------------------------------------------------------------------------------------------+


+---------------------------------------------------------------+
; Fitter Device Options                                         ;
+----------------------------------------------+----------------+
; Option                                       ; Setting        ;
+----------------------------------------------+----------------+
; Enable user-supplied start-up clock (CLKUSR) ; Off            ;
; Enable device-wide reset (DEV_CLRn)          ; Off            ;
; Enable device-wide output enable (DEV_OE)    ; Off            ;
; Enable INIT_DONE output                      ; Off            ;
; Configuration scheme                         ; Passive Serial ;
; Security bit                                 ; Off            ;
; Base pin-out file on sameframe device        ; Off            ;
+----------------------------------------------+----------------+


+-----------------+
; Fitter Messages ;
+-----------------+
Info: *******************************************************************
Info: Running Quartus II Fitter
    Info: Version 9.1 Build 304 01/25/2010 Service Pack 1 SJ Web Edition
    Info: Processing started: Wed May 01 19:14:26 2024
Info: Command: quartus_fit --read_settings_files=off --write_settings_files=off tt -c tt
Info: Selected device EPM3064ALC44-10 for design "tt"
Info: Quartus II Fitter was successful. 0 errors, 0 warnings
    Info: Peak virtual memory: 226 megabytes
    Info: Processing ended: Wed May 01 19:14:26 2024
    Info: Elapsed time: 00:00:00
    Info: Total CPU time (on all processors): 00:00:00


